2026-02-03 15:19:57,504 - 起点中文网_spider - INFO - Selenium WebDriver初始化成功
2026-02-03 15:19:57,505 - 起点中文网_spider - INFO - 开始抓取起点中文网 hotsales榜...
2026-02-03 15:19:57,505 - 起点中文网_spider - INFO - 正在抓取hotsales榜 第1页
2026-02-03 15:20:06,565 - 起点中文网_spider - INFO - 找到 20 个项目
2026-02-03 15:20:11,662 - 起点中文网_spider - INFO - 共抓取 20 本小说
2026-02-03 15:20:11,688 - 起点中文网_spider - INFO - 抓取详情: https://www.qidian.com/book/1035420986/
2026-02-03 15:20:28,865 - 起点中文网_spider - INFO - 访问目录页: https://book.qidian.com/info/1035420986/#Catalog
2026-02-03 15:20:38,391 - 起点中文网_spider - ERROR - 获取章节列表失败: 'QidianSpider' object has no attribute '_scroll_page'
2026-02-03 15:20:40,503 - 起点中文网_spider - INFO - Selenium WebDriver已关闭
2026-02-03 15:22:55,099 - 起点中文网_spider - INFO - Selenium WebDriver初始化成功
2026-02-03 15:22:55,099 - 起点中文网_spider - INFO - 开始抓取起点中文网 hotsales榜...
2026-02-03 15:22:55,100 - 起点中文网_spider - INFO - 正在抓取hotsales榜 第1页
2026-02-03 15:23:01,171 - 起点中文网_spider - INFO - Selenium WebDriver初始化成功
2026-02-03 15:23:01,171 - 起点中文网_spider - INFO - 开始抓取起点中文网 hotsales榜...
2026-02-03 15:23:01,171 - 起点中文网_spider - INFO - 正在抓取hotsales榜 第1页
2026-02-03 15:23:16,004 - 起点中文网_spider - INFO - 找到 20 个项目
2026-02-03 15:23:18,376 - 起点中文网_spider - INFO - 找到 20 个项目
2026-02-03 15:23:20,162 - 起点中文网_spider - INFO - 共抓取 20 本小说
2026-02-03 15:23:20,169 - 起点中文网_spider - INFO - 抓取详情: https://www.qidian.com/book/1035420986/
2026-02-03 15:23:23,548 - 起点中文网_spider - INFO - 共抓取 20 本小说
2026-02-03 15:23:23,556 - 起点中文网_spider - INFO - 抓取详情: https://www.qidian.com/book/1035420986/
2026-02-03 15:23:30,401 - 起点中文网_spider - INFO - 访问目录页: https://book.qidian.com/info/1035420986/#Catalog
2026-02-03 15:23:32,611 - 起点中文网_spider - INFO - 访问目录页: https://book.qidian.com/info/1035420986/#Catalog
2026-02-03 15:23:41,139 - 起点中文网_spider - ERROR - 获取章节列表失败: 'QidianSpider' object has no attribute '_scroll_page'
2026-02-03 15:23:43,260 - 起点中文网_spider - INFO - Selenium WebDriver已关闭
2026-02-03 15:23:45,925 - 起点中文网_spider - ERROR - 获取章节列表失败: 'QidianSpider' object has no attribute '_scroll_page'
2026-02-03 15:23:48,046 - 起点中文网_spider - INFO - Selenium WebDriver已关闭
2026-02-03 15:28:41,352 - 起点中文网_spider - INFO - Selenium WebDriver初始化成功
2026-02-03 15:28:41,353 - 起点中文网_spider - INFO - 开始抓取起点中文网 hotsales榜...
2026-02-03 15:28:41,353 - 起点中文网_spider - INFO - 正在抓取hotsales榜 第1页
2026-02-03 15:28:52,207 - 起点中文网_spider - INFO - 找到 20 个项目
2026-02-03 15:28:57,563 - 起点中文网_spider - INFO - 共抓取 20 本小说
2026-02-03 15:28:57,573 - 起点中文网_spider - INFO - 抓取详情: https://www.qidian.com/book/1035420986/
2026-02-03 15:29:05,945 - 起点中文网_spider - INFO - 访问目录页: https://book.qidian.com/info/1035420986/#Catalog
2026-02-03 15:29:17,964 - 起点中文网_spider - INFO - 找到 9 个分卷
2026-02-03 15:29:17,965 - 起点中文网_spider - INFO - 分卷 2 () 有 89 个章节
2026-02-03 15:29:17,969 - 起点中文网_spider - INFO - 分卷 3 () 有 235 个章节
2026-02-03 15:29:17,973 - 起点中文网_spider - INFO - 分卷 4 () 有 156 个章节
2026-02-03 15:29:17,977 - 起点中文网_spider - INFO - 分卷 5 () 有 153 个章节
2026-02-03 15:29:17,982 - 起点中文网_spider - INFO - 分卷 6 () 有 239 个章节
2026-02-03 15:29:17,988 - 起点中文网_spider - INFO - 分卷 7 () 有 259 个章节
2026-02-03 15:29:17,994 - 起点中文网_spider - INFO - 分卷 8 () 有 242 个章节
2026-02-03 15:29:17,998 - 起点中文网_spider - INFO - 分卷 9 () 有 93 个章节
2026-02-03 15:29:17,999 - 起点中文网_spider - WARNING - 新路径未找到章节链接，尝试原有方法
2026-02-03 15:29:18,206 - 起点中文网_spider - INFO - 使用选择器 a[href*="/chapter/"] 找到 1483 个章节链接
2026-02-03 15:29:18,230 - 起点中文网_spider - INFO - 最终提取到 0 个唯一章节链接
2026-02-03 15:29:18,230 - 起点中文网_spider - WARNING - 未找到章节链接: https://www.qidian.com/book/1035420986/
2026-02-03 15:29:20,343 - 起点中文网_spider - INFO - Selenium WebDriver已关闭
2026-02-03 15:32:11,230 - 起点中文网_spider - INFO - Selenium WebDriver初始化成功
2026-02-03 15:32:11,231 - 起点中文网_spider - INFO - 开始抓取起点中文网 hotsales榜...
2026-02-03 15:32:11,231 - 起点中文网_spider - INFO - 正在抓取hotsales榜 第1页
2026-02-03 15:32:44,771 - 起点中文网_spider - INFO - 找到 20 个项目
2026-02-03 15:32:48,677 - 起点中文网_spider - INFO - 共抓取 20 本小说
2026-02-03 15:32:48,685 - 起点中文网_spider - INFO - 抓取详情: https://www.qidian.com/book/1035420986/
2026-02-03 15:32:56,079 - 起点中文网_spider - INFO - 访问目录页: https://book.qidian.com/info/1035420986/#Catalog
2026-02-03 15:33:08,857 - 起点中文网_spider - INFO - 找到 9 个分卷
2026-02-03 15:33:08,858 - 起点中文网_spider - INFO - 分卷 2 () 有 89 个章节
2026-02-03 15:33:08,862 - 起点中文网_spider - INFO - 分卷 3 () 有 235 个章节
2026-02-03 15:33:08,867 - 起点中文网_spider - INFO - 分卷 4 () 有 156 个章节
2026-02-03 15:33:08,870 - 起点中文网_spider - INFO - 分卷 5 () 有 153 个章节
2026-02-03 15:33:08,875 - 起点中文网_spider - INFO - 分卷 6 () 有 239 个章节
2026-02-03 15:33:08,880 - 起点中文网_spider - INFO - 分卷 7 () 有 259 个章节
2026-02-03 15:33:08,886 - 起点中文网_spider - INFO - 分卷 8 () 有 242 个章节
2026-02-03 15:33:08,890 - 起点中文网_spider - INFO - 分卷 9 () 有 93 个章节
2026-02-03 15:33:08,891 - 起点中文网_spider - WARNING - 新路径未找到章节链接，尝试原有方法
2026-02-03 15:33:09,100 - 起点中文网_spider - INFO - 使用选择器 a[href*="/chapter/"] 找到 1483 个章节链接
2026-02-03 15:33:09,123 - 起点中文网_spider - INFO - 最终提取到 0 个唯一章节链接
2026-02-03 15:33:09,124 - 起点中文网_spider - WARNING - 未找到章节链接: https://www.qidian.com/book/1035420986/
2026-02-03 15:33:11,260 - 起点中文网_spider - INFO - Selenium WebDriver已关闭
2026-02-03 16:31:10,802 - 起点中文网_spider - INFO - Selenium WebDriver初始化成功
2026-02-03 16:31:10,803 - 起点中文网_spider - INFO - 开始抓取起点中文网 hotsales榜...
2026-02-03 16:31:10,803 - 起点中文网_spider - INFO - 正在抓取hotsales榜 第1页
2026-02-03 16:31:15,237 - 起点中文网_spider - INFO - 找到 20 个项目
2026-02-03 16:31:21,091 - 起点中文网_spider - INFO - 共抓取 20 本小说
2026-02-03 16:31:21,098 - 起点中文网_spider - INFO - 抓取详情: https://www.qidian.com/book/1035420986/
2026-02-03 16:31:29,350 - 起点中文网_spider - INFO - 访问目录页: https://book.qidian.com/info/1035420986/#Catalog
2026-02-03 16:31:45,439 - 起点中文网_spider - INFO - 找到 2962 个章节元素
2026-02-03 16:31:45,738 - 起点中文网_spider - INFO - 开始使用新路径提取章节链接...
2026-02-03 16:31:45,746 - 起点中文网_spider - INFO - 找到 9 个分卷
2026-02-03 16:31:45,747 - 起点中文网_spider - INFO - 分卷 2 (分卷2) 有 89 个章节
2026-02-03 16:31:45,748 - 起点中文网_spider - INFO - 已找到足够章节，停止在当前分卷搜索
2026-02-03 16:31:45,748 - 起点中文网_spider - INFO - 最终提取到 20 个唯一章节链接
2026-02-03 16:31:45,748 - 起点中文网_spider - INFO - 获取第1章: 第一章 初入
2026-02-03 16:31:45,748 - 起点中文网_spider - INFO - 访问章节页面: https://www.qidian.com/chapter/1035420986/730944635/
2026-02-03 16:31:53,870 - 起点中文网_spider - INFO - 使用简化路径找到 46 个 content-text 元素
2026-02-03 16:31:56,800 - 起点中文网_spider - INFO - 获取第2章: 第二章 李家
2026-02-03 16:31:56,800 - 起点中文网_spider - INFO - 访问章节页面: https://www.qidian.com/chapter/1035420986/731074801/
2026-02-03 16:32:02,847 - 起点中文网_spider - INFO - 使用简化路径找到 63 个 content-text 元素
2026-02-03 16:32:02,847 - 起点中文网_spider - INFO - 成功获取 2 章内容
2026-02-03 16:32:04,980 - 起点中文网_spider - INFO - Selenium WebDriver已关闭
2026-02-03 16:59:16,626 - 起点中文网_spider - INFO - Selenium WebDriver初始化成功
2026-02-03 16:59:16,627 - 起点中文网_spider - INFO - 开始抓取起点中文网 hotsales榜...
2026-02-03 16:59:16,627 - 起点中文网_spider - INFO - 正在抓取hotsales榜 第1页
2026-02-03 16:59:27,050 - 起点中文网_spider - INFO - 找到 20 个项目
2026-02-03 16:59:30,123 - 起点中文网_spider - INFO - 共抓取 20 本小说
2026-02-03 16:59:32,272 - 起点中文网_spider - INFO - Selenium WebDriver已关闭
2026-02-03 17:06:54,685 - 起点中文网_spider - INFO - Selenium WebDriver初始化成功
2026-02-03 17:06:54,685 - 起点中文网_spider - INFO - 开始抓取起点中文网 hotsales榜...
2026-02-03 17:06:54,685 - 起点中文网_spider - INFO - 正在抓取hotsales榜 第1页
2026-02-03 17:07:05,082 - 起点中文网_spider - INFO - 找到 20 个项目
2026-02-03 17:07:08,947 - 起点中文网_spider - INFO - 共抓取 20 本小说
2026-02-03 17:07:08,964 - 起点中文网_spider - INFO - 抓取详情元数据: https://www.qidian.com/book/1035420986/
2026-02-03 17:07:17,819 - 起点中文网_spider - INFO - 获取小说章节内容: https://www.qidian.com/book/1035420986/ (章节数: 2)
2026-02-03 17:07:17,819 - 起点中文网_spider - ERROR - 获取小说章节内容失败 https://www.qidian.com/book/1035420986/: 'DatabaseHandler' object has no attribute 'check_novel_exists_by_url'
2026-02-03 17:07:17,819 - 起点中文网_spider - INFO - 正在补充详情 (1/3): 玄鉴仙族
2026-02-03 17:07:21,538 - 起点中文网_spider - INFO - 正在补充详情 (2/3): 夜无疆
2026-02-03 17:07:21,538 - 起点中文网_spider - INFO - 抓取详情元数据: https://www.qidian.com/book/1040765595/
2026-02-03 17:07:30,695 - 起点中文网_spider - INFO - 正在补充详情 (3/3): 捞尸人
2026-02-03 17:07:30,695 - 起点中文网_spider - INFO - 抓取详情元数据: https://www.qidian.com/book/1041637443/
2026-02-03 17:07:42,608 - 起点中文网_spider - INFO - Selenium WebDriver已关闭
2026-02-03 17:10:07,110 - 起点中文网_spider - INFO - Selenium WebDriver初始化成功
2026-02-03 17:10:07,110 - 起点中文网_spider - INFO - 开始抓取起点中文网 hotsales榜...
2026-02-03 17:10:07,110 - 起点中文网_spider - INFO - 正在抓取hotsales榜 第1页
2026-02-03 17:10:13,299 - 起点中文网_spider - INFO - 找到 20 个项目
2026-02-03 17:10:18,970 - 起点中文网_spider - INFO - 共抓取 20 本小说
2026-02-03 17:10:18,987 - 起点中文网_spider - INFO - 抓取详情元数据: https://www.qidian.com/book/1035420986/
2026-02-03 17:10:29,621 - 起点中文网_spider - INFO - Selenium WebDriver已关闭
2026-02-03 17:13:28,891 - 起点中文网_spider - INFO - Selenium WebDriver初始化成功
2026-02-03 17:13:28,891 - 起点中文网_spider - INFO - 开始抓取起点中文网 hotsales榜...
2026-02-03 17:13:28,892 - 起点中文网_spider - INFO - 正在抓取hotsales榜 第1页
2026-02-03 17:13:39,419 - 起点中文网_spider - INFO - 找到 20 个项目
2026-02-03 17:13:45,149 - 起点中文网_spider - INFO - 共抓取 20 本小说
2026-02-03 17:13:45,166 - 起点中文网_spider - INFO - 抓取详情元数据: https://www.qidian.com/book/1035420986/
2026-02-03 17:13:52,591 - 起点中文网_spider - INFO - 获取小说章节内容: https://www.qidian.com/book/1035420986/ (章节数: 2)
2026-02-03 17:13:52,591 - 起点中文网_spider - ERROR - 获取小说章节内容失败 https://www.qidian.com/book/1035420986/: 'DatabaseHandler' object has no attribute 'check_novel_exists_by_url'
2026-02-03 17:13:52,592 - 起点中文网_spider - INFO - 正在补充详情 (1/3): 玄鉴仙族
2026-02-03 17:13:55,884 - 起点中文网_spider - INFO - 正在补充详情 (2/3): 夜无疆
2026-02-03 17:13:55,884 - 起点中文网_spider - INFO - 抓取详情元数据: https://www.qidian.com/book/1040765595/
2026-02-03 17:14:05,205 - 起点中文网_spider - INFO - 正在补充详情 (3/3): 捞尸人
2026-02-03 17:14:05,206 - 起点中文网_spider - INFO - 抓取详情元数据: https://www.qidian.com/book/1041637443/
2026-02-03 17:14:17,117 - 起点中文网_spider - INFO - Selenium WebDriver已关闭
2026-02-03 17:20:10,465 - 起点中文网_spider - INFO - Selenium WebDriver初始化成功
2026-02-03 17:20:10,466 - 起点中文网_spider - INFO - 开始抓取起点中文网 hotsales榜...
2026-02-03 17:20:10,466 - 起点中文网_spider - INFO - 正在抓取hotsales榜 第1页
2026-02-03 17:20:40,478 - 起点中文网_spider - ERROR - Selenium抓取页面失败 https://www.qidian.com/rank/hotsales/page1/: Message: timeout: Timed out receiving message from renderer: 29.223
  (Session info: chrome=144.0.7559.110)
Stacktrace:
Symbols not available. Dumping unresolved backtrace:
	0x4b5093
	0x4b50d4
	0x2ab490
	0x29b863
	0x29b595
	0x2996a8
	0x299ef6
	0x2a6d3b
	0x2b8a6e
	0x2be4b6
	0x29a57c
	0x2b8803
	0x33565a
	0x317f56
	0x2e96c9
	0x2ea484
	0x707e34
	0x7030c9
	0x720add
	0x4cdb38
	0x4d58ad
	0x4bd848
	0x4bda12
	0x4a75fa
	0x76315d49
	0x7768d5db
	0x7768d561

2026-02-03 17:20:43,865 - 起点中文网_spider - INFO - 共抓取 0 本小说
2026-02-03 17:20:45,955 - 起点中文网_spider - INFO - Selenium WebDriver已关闭
2026-02-03 17:21:02,171 - 起点中文网_spider - INFO - Selenium WebDriver已关闭
2026-02-03 17:22:47,868 - 起点中文网_spider - INFO - Selenium WebDriver初始化成功
2026-02-03 17:22:47,868 - 起点中文网_spider - INFO - 开始抓取起点中文网 hotsales榜...
2026-02-03 17:22:47,868 - 起点中文网_spider - INFO - 正在抓取hotsales榜 第1页
2026-02-03 17:22:58,596 - 起点中文网_spider - INFO - 找到 20 个项目
2026-02-03 17:22:58,596 - 起点中文网_spider - INFO - 从URL提取到小说ID: 1035420986 (URL: https://www.qidian.com/book/1035420986/)
2026-02-03 17:22:58,597 - 起点中文网_spider - INFO - 从URL提取到小说ID: 1040765595 (URL: https://www.qidian.com/book/1040765595/)
2026-02-03 17:22:58,598 - 起点中文网_spider - INFO - 从URL提取到小说ID: 1041637443 (URL: https://www.qidian.com/book/1041637443/)
2026-02-03 17:22:58,599 - 起点中文网_spider - INFO - 从URL提取到小说ID: 1042256511 (URL: https://www.qidian.com/book/1042256511/)
2026-02-03 17:22:58,600 - 起点中文网_spider - INFO - 从URL提取到小说ID: 1016150754 (URL: https://www.qidian.com/book/1016150754/)
2026-02-03 17:22:58,600 - 起点中文网_spider - INFO - 从URL提取到小说ID: 1043182343 (URL: https://www.qidian.com/book/1043182343/)
2026-02-03 17:22:58,601 - 起点中文网_spider - INFO - 从URL提取到小说ID: 1045003390 (URL: https://www.qidian.com/book/1045003390/)
2026-02-03 17:22:58,602 - 起点中文网_spider - INFO - 从URL提取到小说ID: 1033014772 (URL: https://www.qidian.com/book/1033014772/)
2026-02-03 17:22:58,603 - 起点中文网_spider - INFO - 从URL提取到小说ID: 1047213880 (URL: https://www.qidian.com/book/1047213880/)
2026-02-03 17:22:58,604 - 起点中文网_spider - INFO - 从URL提取到小说ID: 1043128588 (URL: https://www.qidian.com/book/1043128588/)
2026-02-03 17:22:58,604 - 起点中文网_spider - INFO - 从URL提取到小说ID: 1039141715 (URL: https://www.qidian.com/book/1039141715/)
2026-02-03 17:22:58,605 - 起点中文网_spider - INFO - 从URL提取到小说ID: 1010868264 (URL: https://www.qidian.com/book/1010868264/)
2026-02-03 17:22:58,606 - 起点中文网_spider - INFO - 从URL提取到小说ID: 1042108416 (URL: https://www.qidian.com/book/1042108416/)
2026-02-03 17:22:58,607 - 起点中文网_spider - INFO - 从URL提取到小说ID: 1046791860 (URL: https://www.qidian.com/book/1046791860/)
2026-02-03 17:22:58,608 - 起点中文网_spider - INFO - 从URL提取到小说ID: 1038504669 (URL: https://www.qidian.com/book/1038504669/)
2026-02-03 17:22:58,609 - 起点中文网_spider - INFO - 从URL提取到小说ID: 1046465651 (URL: https://www.qidian.com/book/1046465651/)
2026-02-03 17:22:58,609 - 起点中文网_spider - INFO - 从URL提取到小说ID: 1044394624 (URL: https://www.qidian.com/book/1044394624/)
2026-02-03 17:22:58,610 - 起点中文网_spider - INFO - 从URL提取到小说ID: 1012584111 (URL: https://www.qidian.com/book/1012584111/)
2026-02-03 17:22:58,611 - 起点中文网_spider - INFO - 从URL提取到小说ID: 1047259146 (URL: https://www.qidian.com/book/1047259146/)
2026-02-03 17:22:58,612 - 起点中文网_spider - INFO - 从URL提取到小说ID: 1041604040 (URL: https://www.qidian.com/book/1041604040/)
2026-02-03 17:23:02,575 - 起点中文网_spider - INFO - 共抓取 20 本小说
2026-02-03 17:23:02,591 - 起点中文网_spider - INFO - 从URL提取到小说ID: 1035420986 (URL: https://www.qidian.com/book/1035420986/)
2026-02-03 17:23:02,592 - 起点中文网_spider - INFO - 抓取详情元数据: https://www.qidian.com/book/1035420986/
2026-02-03 17:23:09,328 - 起点中文网_spider - INFO - 获取小说章节内容: https://www.qidian.com/book/1035420986/ (小说ID: 1035420986, 章节数: 5)
2026-02-03 17:23:09,328 - 起点中文网_spider - INFO - 从URL提取到小说ID: 1035420986 (URL: https://www.qidian.com/book/1035420986/)
2026-02-03 17:23:09,342 - 起点中文网_spider - INFO - 数据库只有0章或没有章节，需要补充
2026-02-03 17:23:09,342 - 起点中文网_spider - INFO - 访问目录页: https://book.qidian.com/info/1035420986/#Catalog
2026-02-03 17:23:19,773 - 起点中文网_spider - INFO - 找到 2962 个章节元素
2026-02-03 17:23:20,067 - 起点中文网_spider - INFO - 开始使用新路径提取章节链接...
2026-02-03 17:23:20,075 - 起点中文网_spider - INFO - 找到 9 个分卷
2026-02-03 17:23:20,076 - 起点中文网_spider - INFO - 分卷 2 (分卷2) 有 89 个章节
2026-02-03 17:23:20,077 - 起点中文网_spider - INFO - 已找到足够章节，停止在当前分卷搜索
2026-02-03 17:23:20,077 - 起点中文网_spider - INFO - 最终提取到 20 个唯一章节链接
2026-02-03 17:23:20,077 - 起点中文网_spider - INFO - 获取第1章: 第一章 初入
2026-02-03 17:23:20,077 - 起点中文网_spider - INFO - 访问章节页面: https://www.qidian.com/chapter/1035420986/730944635/
2026-02-03 17:23:27,355 - 起点中文网_spider - INFO - 使用简化路径找到 46 个 content-text 元素
2026-02-03 17:23:29,900 - 起点中文网_spider - INFO - 获取第2章: 第二章 李家
2026-02-03 17:23:29,900 - 起点中文网_spider - INFO - 访问章节页面: https://www.qidian.com/chapter/1035420986/731074801/
2026-02-03 17:23:35,964 - 起点中文网_spider - INFO - 使用简化路径找到 63 个 content-text 元素
2026-02-03 17:23:39,459 - 起点中文网_spider - INFO - 获取第3章: 第三章 鉴子
2026-02-03 17:23:39,459 - 起点中文网_spider - INFO - 访问章节页面: https://www.qidian.com/chapter/1035420986/731075014/
2026-02-03 17:23:44,585 - 起点中文网_spider - INFO - 使用简化路径找到 69 个 content-text 元素
2026-02-03 17:23:46,701 - 起点中文网_spider - INFO - 获取第4章: 第四章 李叶盛
2026-02-03 17:23:46,701 - 起点中文网_spider - INFO - 访问章节页面: https://www.qidian.com/chapter/1035420986/731075107/
2026-02-03 17:23:52,236 - 起点中文网_spider - INFO - 使用简化路径找到 74 个 content-text 元素
2026-02-03 17:23:55,118 - 起点中文网_spider - INFO - 获取第5章: 第五章 仙缘难得
2026-02-03 17:23:55,118 - 起点中文网_spider - INFO - 访问章节页面: https://www.qidian.com/chapter/1035420986/731075206/
2026-02-03 17:24:02,697 - 起点中文网_spider - INFO - 使用简化路径找到 65 个 content-text 元素
2026-02-03 17:24:02,697 - 起点中文网_spider - INFO - 成功获取 5 章内容
2026-02-03 17:24:02,699 - 起点中文网_spider - INFO - 正在补充详情 (1/3): 玄鉴仙族
2026-02-03 17:24:02,699 - 起点中文网_spider - INFO - 从URL提取到小说ID: 1035420986 (URL: https://www.qidian.com/book/1035420986/)
2026-02-03 17:24:05,491 - 起点中文网_spider - INFO - 正在补充详情 (2/3): 夜无疆
2026-02-03 17:24:05,491 - 起点中文网_spider - INFO - 从URL提取到小说ID: 1040765595 (URL: https://www.qidian.com/book/1040765595/)
2026-02-03 17:24:05,491 - 起点中文网_spider - INFO - 抓取详情元数据: https://www.qidian.com/book/1040765595/
2026-02-03 17:24:14,380 - 起点中文网_spider - INFO - 正在补充详情 (3/3): 捞尸人
2026-02-03 17:24:14,381 - 起点中文网_spider - INFO - 从URL提取到小说ID: 1041637443 (URL: https://www.qidian.com/book/1041637443/)
2026-02-03 17:24:14,381 - 起点中文网_spider - INFO - 抓取详情元数据: https://www.qidian.com/book/1041637443/
2026-02-03 17:24:24,439 - 起点中文网_spider - INFO - Selenium WebDriver已关闭
2026-02-03 17:40:59,545 - 起点中文网_spider - INFO - Selenium WebDriver初始化成功
2026-02-03 17:40:59,545 - 起点中文网_spider - INFO - 开始抓取起点中文网 hotsales榜...
2026-02-03 17:40:59,545 - 起点中文网_spider - INFO - 正在抓取hotsales榜 第1页
2026-02-03 17:41:09,084 - 起点中文网_spider - INFO - 找到 20 个项目
2026-02-03 17:41:09,085 - 起点中文网_spider - INFO - 从URL提取到小说ID: 1035420986 (URL: https://www.qidian.com/book/1035420986/)
2026-02-03 17:41:09,086 - 起点中文网_spider - INFO - 从URL提取到小说ID: 1040765595 (URL: https://www.qidian.com/book/1040765595/)
2026-02-03 17:41:09,087 - 起点中文网_spider - INFO - 从URL提取到小说ID: 1041637443 (URL: https://www.qidian.com/book/1041637443/)
2026-02-03 17:41:09,088 - 起点中文网_spider - INFO - 从URL提取到小说ID: 1042256511 (URL: https://www.qidian.com/book/1042256511/)
2026-02-03 17:41:09,088 - 起点中文网_spider - INFO - 从URL提取到小说ID: 1016150754 (URL: https://www.qidian.com/book/1016150754/)
2026-02-03 17:41:09,089 - 起点中文网_spider - INFO - 从URL提取到小说ID: 1043182343 (URL: https://www.qidian.com/book/1043182343/)
2026-02-03 17:41:09,090 - 起点中文网_spider - INFO - 从URL提取到小说ID: 1045003390 (URL: https://www.qidian.com/book/1045003390/)
2026-02-03 17:41:09,091 - 起点中文网_spider - INFO - 从URL提取到小说ID: 1033014772 (URL: https://www.qidian.com/book/1033014772/)
2026-02-03 17:41:09,091 - 起点中文网_spider - INFO - 从URL提取到小说ID: 1047213880 (URL: https://www.qidian.com/book/1047213880/)
2026-02-03 17:41:09,092 - 起点中文网_spider - INFO - 从URL提取到小说ID: 1043128588 (URL: https://www.qidian.com/book/1043128588/)
2026-02-03 17:41:09,093 - 起点中文网_spider - INFO - 从URL提取到小说ID: 1039141715 (URL: https://www.qidian.com/book/1039141715/)
2026-02-03 17:41:09,094 - 起点中文网_spider - INFO - 从URL提取到小说ID: 1010868264 (URL: https://www.qidian.com/book/1010868264/)
2026-02-03 17:41:09,095 - 起点中文网_spider - INFO - 从URL提取到小说ID: 1042108416 (URL: https://www.qidian.com/book/1042108416/)
2026-02-03 17:41:09,095 - 起点中文网_spider - INFO - 从URL提取到小说ID: 1046791860 (URL: https://www.qidian.com/book/1046791860/)
2026-02-03 17:41:09,096 - 起点中文网_spider - INFO - 从URL提取到小说ID: 1038504669 (URL: https://www.qidian.com/book/1038504669/)
2026-02-03 17:41:09,097 - 起点中文网_spider - INFO - 从URL提取到小说ID: 1046465651 (URL: https://www.qidian.com/book/1046465651/)
2026-02-03 17:41:09,098 - 起点中文网_spider - INFO - 从URL提取到小说ID: 1044394624 (URL: https://www.qidian.com/book/1044394624/)
2026-02-03 17:41:09,099 - 起点中文网_spider - INFO - 从URL提取到小说ID: 1012584111 (URL: https://www.qidian.com/book/1012584111/)
2026-02-03 17:41:09,100 - 起点中文网_spider - INFO - 从URL提取到小说ID: 1047259146 (URL: https://www.qidian.com/book/1047259146/)
2026-02-03 17:41:09,101 - 起点中文网_spider - INFO - 从URL提取到小说ID: 1041604040 (URL: https://www.qidian.com/book/1041604040/)
2026-02-03 17:41:13,791 - 起点中文网_spider - INFO - 共抓取 20 本小说
2026-02-03 17:41:13,800 - 起点中文网_spider - INFO - 从URL提取到小说ID: 1035420986 (URL: https://www.qidian.com/book/1035420986/)
2026-02-03 17:41:13,800 - 起点中文网_spider - INFO - 抓取详情元数据: https://www.qidian.com/book/1035420986/
2026-02-03 17:41:21,497 - 起点中文网_spider - INFO - 获取小说章节内容: https://www.qidian.com/book/1035420986/ (小说ID: 1035420986, 章节数: 5)
2026-02-03 17:41:21,510 - 起点中文网_spider - INFO - 访问目录页: https://book.qidian.com/info/1035420986/#Catalog
2026-02-03 17:41:33,510 - 起点中文网_spider - INFO - 找到 2962 个章节元素
2026-02-03 17:41:33,804 - 起点中文网_spider - INFO - 开始使用新路径提取章节链接...
2026-02-03 17:41:33,812 - 起点中文网_spider - INFO - 找到 9 个分卷
2026-02-03 17:41:33,813 - 起点中文网_spider - INFO - 分卷 2 (分卷2) 有 89 个章节
2026-02-03 17:41:33,814 - 起点中文网_spider - INFO - 已找到足够章节，停止在当前分卷搜索
2026-02-03 17:41:33,814 - 起点中文网_spider - INFO - 最终提取到 20 个唯一章节链接
2026-02-03 17:41:33,815 - 起点中文网_spider - INFO - 获取第1章: 第一章 初入
2026-02-03 17:41:33,815 - 起点中文网_spider - INFO - 访问章节页面: https://www.qidian.com/chapter/1035420986/730944635/
2026-02-03 17:41:40,115 - 起点中文网_spider - INFO - 使用简化路径找到 46 个 content-text 元素
2026-02-03 17:41:43,823 - 起点中文网_spider - INFO - 获取第2章: 第二章 李家
2026-02-03 17:41:43,823 - 起点中文网_spider - INFO - 访问章节页面: https://www.qidian.com/chapter/1035420986/731074801/
2026-02-03 17:41:51,119 - 起点中文网_spider - INFO - 使用简化路径找到 63 个 content-text 元素
2026-02-03 17:41:53,471 - 起点中文网_spider - INFO - 获取第3章: 第三章 鉴子
2026-02-03 17:41:53,472 - 起点中文网_spider - INFO - 访问章节页面: https://www.qidian.com/chapter/1035420986/731075014/
2026-02-03 17:42:00,244 - 起点中文网_spider - INFO - 使用简化路径找到 69 个 content-text 元素
2026-02-03 17:42:03,014 - 起点中文网_spider - INFO - 获取第4章: 第四章 李叶盛
2026-02-03 17:42:03,014 - 起点中文网_spider - INFO - 访问章节页面: https://www.qidian.com/chapter/1035420986/731075107/
2026-02-03 17:42:10,181 - 起点中文网_spider - INFO - 使用简化路径找到 74 个 content-text 元素
2026-02-03 17:42:12,786 - 起点中文网_spider - INFO - 获取第5章: 第五章 仙缘难得
2026-02-03 17:42:12,786 - 起点中文网_spider - INFO - 访问章节页面: https://www.qidian.com/chapter/1035420986/731075206/
2026-02-03 17:42:19,792 - 起点中文网_spider - INFO - 使用简化路径找到 65 个 content-text 元素
2026-02-03 17:42:19,792 - 起点中文网_spider - INFO - 成功获取 5 章内容
2026-02-03 17:42:19,815 - 起点中文网_spider - INFO - 正在补充详情 (1/3): 玄鉴仙族
2026-02-03 17:42:19,815 - 起点中文网_spider - INFO - 从URL提取到小说ID: 1035420986 (URL: https://www.qidian.com/book/1035420986/)
2026-02-03 17:42:23,751 - 起点中文网_spider - INFO - 正在补充详情 (2/3): 夜无疆
2026-02-03 17:42:23,751 - 起点中文网_spider - INFO - 从URL提取到小说ID: 1040765595 (URL: https://www.qidian.com/book/1040765595/)
2026-02-03 17:42:23,751 - 起点中文网_spider - INFO - 抓取详情元数据: https://www.qidian.com/book/1040765595/
2026-02-03 17:42:33,912 - 起点中文网_spider - INFO - 正在补充详情 (3/3): 捞尸人
2026-02-03 17:42:33,913 - 起点中文网_spider - INFO - 从URL提取到小说ID: 1041637443 (URL: https://www.qidian.com/book/1041637443/)
2026-02-03 17:42:33,913 - 起点中文网_spider - INFO - 抓取详情元数据: https://www.qidian.com/book/1041637443/
2026-02-03 17:42:43,944 - 起点中文网_spider - INFO - Selenium WebDriver已关闭
2026-02-03 17:52:26,426 - 起点中文网_spider - INFO - Selenium WebDriver初始化成功
2026-02-03 17:52:26,426 - 起点中文网_spider - INFO - 开始抓取起点中文网 hotsales榜...
2026-02-03 17:52:26,426 - 起点中文网_spider - INFO - 正在抓取hotsales榜 第1页
2026-02-03 17:52:36,377 - 起点中文网_spider - INFO - 找到 20 个项目
2026-02-03 17:52:36,378 - 起点中文网_spider - INFO - 从URL提取到小说ID: 1035420986 (URL: https://www.qidian.com/book/1035420986/)
2026-02-03 17:52:36,379 - 起点中文网_spider - INFO - 从URL提取到小说ID: 1040765595 (URL: https://www.qidian.com/book/1040765595/)
2026-02-03 17:52:36,380 - 起点中文网_spider - INFO - 从URL提取到小说ID: 1041637443 (URL: https://www.qidian.com/book/1041637443/)
2026-02-03 17:52:36,381 - 起点中文网_spider - INFO - 从URL提取到小说ID: 1042256511 (URL: https://www.qidian.com/book/1042256511/)
2026-02-03 17:52:36,382 - 起点中文网_spider - INFO - 从URL提取到小说ID: 1016150754 (URL: https://www.qidian.com/book/1016150754/)
2026-02-03 17:52:36,383 - 起点中文网_spider - INFO - 从URL提取到小说ID: 1043182343 (URL: https://www.qidian.com/book/1043182343/)
2026-02-03 17:52:36,384 - 起点中文网_spider - INFO - 从URL提取到小说ID: 1045003390 (URL: https://www.qidian.com/book/1045003390/)
2026-02-03 17:52:36,385 - 起点中文网_spider - INFO - 从URL提取到小说ID: 1033014772 (URL: https://www.qidian.com/book/1033014772/)
2026-02-03 17:52:36,385 - 起点中文网_spider - INFO - 从URL提取到小说ID: 1047213880 (URL: https://www.qidian.com/book/1047213880/)
2026-02-03 17:52:36,386 - 起点中文网_spider - INFO - 从URL提取到小说ID: 1043128588 (URL: https://www.qidian.com/book/1043128588/)
2026-02-03 17:52:36,387 - 起点中文网_spider - INFO - 从URL提取到小说ID: 1039141715 (URL: https://www.qidian.com/book/1039141715/)
2026-02-03 17:52:36,388 - 起点中文网_spider - INFO - 从URL提取到小说ID: 1010868264 (URL: https://www.qidian.com/book/1010868264/)
2026-02-03 17:52:36,388 - 起点中文网_spider - INFO - 从URL提取到小说ID: 1042108416 (URL: https://www.qidian.com/book/1042108416/)
2026-02-03 17:52:36,389 - 起点中文网_spider - INFO - 从URL提取到小说ID: 1046791860 (URL: https://www.qidian.com/book/1046791860/)
2026-02-03 17:52:36,390 - 起点中文网_spider - INFO - 从URL提取到小说ID: 1038504669 (URL: https://www.qidian.com/book/1038504669/)
2026-02-03 17:52:36,391 - 起点中文网_spider - INFO - 从URL提取到小说ID: 1046465651 (URL: https://www.qidian.com/book/1046465651/)
2026-02-03 17:52:36,392 - 起点中文网_spider - INFO - 从URL提取到小说ID: 1044394624 (URL: https://www.qidian.com/book/1044394624/)
2026-02-03 17:52:36,392 - 起点中文网_spider - INFO - 从URL提取到小说ID: 1012584111 (URL: https://www.qidian.com/book/1012584111/)
2026-02-03 17:52:36,393 - 起点中文网_spider - INFO - 从URL提取到小说ID: 1047259146 (URL: https://www.qidian.com/book/1047259146/)
2026-02-03 17:52:36,394 - 起点中文网_spider - INFO - 从URL提取到小说ID: 1041604040 (URL: https://www.qidian.com/book/1041604040/)
2026-02-03 17:52:40,200 - 起点中文网_spider - INFO - 共抓取 20 本小说
2026-02-03 17:52:40,209 - 起点中文网_spider - INFO - 从URL提取到小说ID: 1035420986 (URL: https://www.qidian.com/book/1035420986/)
2026-02-03 17:52:40,209 - 起点中文网_spider - INFO - 抓取详情元数据: https://www.qidian.com/book/1035420986/
2026-02-03 17:52:48,815 - 起点中文网_spider - INFO - 获取小说章节内容: https://www.qidian.com/book/1035420986/ (小说ID: 1035420986, 章节数: 5)
2026-02-03 17:52:48,818 - 起点中文网_spider - INFO - 访问目录页: https://book.qidian.com/info/1035420986/#Catalog
2026-02-03 17:52:59,751 - 起点中文网_spider - INFO - 找到 2962 个章节元素
2026-02-03 17:53:00,045 - 起点中文网_spider - INFO - 开始使用新路径提取章节链接...
2026-02-03 17:53:00,053 - 起点中文网_spider - INFO - 找到 9 个分卷
2026-02-03 17:53:00,054 - 起点中文网_spider - INFO - 分卷 2 (分卷2) 有 89 个章节
2026-02-03 17:53:00,054 - 起点中文网_spider - INFO - 已找到足够章节，停止在当前分卷搜索
2026-02-03 17:53:00,055 - 起点中文网_spider - INFO - 最终提取到 20 个唯一章节链接
2026-02-03 17:53:00,055 - 起点中文网_spider - INFO - 获取第1章: 第一章 初入
2026-02-03 17:53:00,055 - 起点中文网_spider - INFO - 访问章节页面: https://www.qidian.com/chapter/1035420986/730944635/
2026-02-03 17:53:07,228 - 起点中文网_spider - INFO - 使用简化路径找到 46 个 content-text 元素
2026-02-03 17:53:10,754 - 起点中文网_spider - INFO - 获取第2章: 第二章 李家
2026-02-03 17:53:10,755 - 起点中文网_spider - INFO - 访问章节页面: https://www.qidian.com/chapter/1035420986/731074801/
2026-02-03 17:53:18,210 - 起点中文网_spider - INFO - 使用简化路径找到 63 个 content-text 元素
2026-02-03 17:53:20,723 - 起点中文网_spider - INFO - 获取第3章: 第三章 鉴子
2026-02-03 17:53:20,724 - 起点中文网_spider - INFO - 访问章节页面: https://www.qidian.com/chapter/1035420986/731075014/
2026-02-03 17:53:26,426 - 起点中文网_spider - INFO - 使用简化路径找到 69 个 content-text 元素
2026-02-03 17:53:30,119 - 起点中文网_spider - INFO - 获取第4章: 第四章 李叶盛
2026-02-03 17:53:30,119 - 起点中文网_spider - INFO - 访问章节页面: https://www.qidian.com/chapter/1035420986/731075107/
2026-02-03 17:53:36,415 - 起点中文网_spider - INFO - 使用简化路径找到 74 个 content-text 元素
2026-02-03 17:53:38,555 - 起点中文网_spider - INFO - 获取第5章: 第五章 仙缘难得
2026-02-03 17:53:38,555 - 起点中文网_spider - INFO - 访问章节页面: https://www.qidian.com/chapter/1035420986/731075206/
2026-02-03 17:53:45,156 - 起点中文网_spider - INFO - 使用简化路径找到 65 个 content-text 元素
2026-02-03 17:53:45,157 - 起点中文网_spider - INFO - 成功获取 5 章内容
2026-02-03 17:53:45,171 - 起点中文网_spider - INFO - 正在补充详情 (1/3): 玄鉴仙族
2026-02-03 17:53:45,171 - 起点中文网_spider - INFO - 从URL提取到小说ID: 1035420986 (URL: https://www.qidian.com/book/1035420986/)
2026-02-03 17:53:47,694 - 起点中文网_spider - INFO - 正在补充详情 (2/3): 夜无疆
2026-02-03 17:53:47,694 - 起点中文网_spider - INFO - 从URL提取到小说ID: 1040765595 (URL: https://www.qidian.com/book/1040765595/)
2026-02-03 17:53:47,694 - 起点中文网_spider - INFO - 抓取详情元数据: https://www.qidian.com/book/1040765595/
2026-02-03 17:53:57,783 - 起点中文网_spider - INFO - 正在补充详情 (3/3): 捞尸人
2026-02-03 17:53:57,783 - 起点中文网_spider - INFO - 从URL提取到小说ID: 1041637443 (URL: https://www.qidian.com/book/1041637443/)
2026-02-03 17:53:57,783 - 起点中文网_spider - INFO - 抓取详情元数据: https://www.qidian.com/book/1041637443/
2026-02-03 17:54:08,553 - 起点中文网_spider - INFO - Selenium WebDriver已关闭
2026-02-03 18:05:42,380 - 起点中文网_spider - INFO - Selenium WebDriver初始化成功
2026-02-03 18:05:42,380 - 起点中文网_spider - INFO - 开始抓取起点中文网 hotsales榜...
2026-02-03 18:05:42,380 - 起点中文网_spider - INFO - 正在抓取hotsales榜 第1页
2026-02-03 18:05:54,758 - 起点中文网_spider - INFO - 找到 20 个项目
2026-02-03 18:05:54,759 - 起点中文网_spider - INFO - 从URL提取到小说ID: 1035420986 (URL: https://www.qidian.com/book/1035420986/)
2026-02-03 18:05:54,760 - 起点中文网_spider - INFO - 从URL提取到小说ID: 1040765595 (URL: https://www.qidian.com/book/1040765595/)
2026-02-03 18:05:54,761 - 起点中文网_spider - INFO - 从URL提取到小说ID: 1041637443 (URL: https://www.qidian.com/book/1041637443/)
2026-02-03 18:05:54,761 - 起点中文网_spider - INFO - 从URL提取到小说ID: 1042256511 (URL: https://www.qidian.com/book/1042256511/)
2026-02-03 18:05:54,762 - 起点中文网_spider - INFO - 从URL提取到小说ID: 1016150754 (URL: https://www.qidian.com/book/1016150754/)
2026-02-03 18:05:54,763 - 起点中文网_spider - INFO - 从URL提取到小说ID: 1043182343 (URL: https://www.qidian.com/book/1043182343/)
2026-02-03 18:05:54,764 - 起点中文网_spider - INFO - 从URL提取到小说ID: 1045003390 (URL: https://www.qidian.com/book/1045003390/)
2026-02-03 18:05:54,765 - 起点中文网_spider - INFO - 从URL提取到小说ID: 1033014772 (URL: https://www.qidian.com/book/1033014772/)
2026-02-03 18:05:54,765 - 起点中文网_spider - INFO - 从URL提取到小说ID: 1047213880 (URL: https://www.qidian.com/book/1047213880/)
2026-02-03 18:05:54,766 - 起点中文网_spider - INFO - 从URL提取到小说ID: 1043128588 (URL: https://www.qidian.com/book/1043128588/)
2026-02-03 18:05:54,767 - 起点中文网_spider - INFO - 从URL提取到小说ID: 1039141715 (URL: https://www.qidian.com/book/1039141715/)
2026-02-03 18:05:54,768 - 起点中文网_spider - INFO - 从URL提取到小说ID: 1010868264 (URL: https://www.qidian.com/book/1010868264/)
2026-02-03 18:05:54,768 - 起点中文网_spider - INFO - 从URL提取到小说ID: 1042108416 (URL: https://www.qidian.com/book/1042108416/)
2026-02-03 18:05:54,769 - 起点中文网_spider - INFO - 从URL提取到小说ID: 1046791860 (URL: https://www.qidian.com/book/1046791860/)
2026-02-03 18:05:54,770 - 起点中文网_spider - INFO - 从URL提取到小说ID: 1038504669 (URL: https://www.qidian.com/book/1038504669/)
2026-02-03 18:05:54,771 - 起点中文网_spider - INFO - 从URL提取到小说ID: 1046465651 (URL: https://www.qidian.com/book/1046465651/)
2026-02-03 18:05:54,771 - 起点中文网_spider - INFO - 从URL提取到小说ID: 1044394624 (URL: https://www.qidian.com/book/1044394624/)
2026-02-03 18:05:54,772 - 起点中文网_spider - INFO - 从URL提取到小说ID: 1012584111 (URL: https://www.qidian.com/book/1012584111/)
2026-02-03 18:05:54,773 - 起点中文网_spider - INFO - 从URL提取到小说ID: 1047259146 (URL: https://www.qidian.com/book/1047259146/)
2026-02-03 18:05:54,774 - 起点中文网_spider - INFO - 从URL提取到小说ID: 1041604040 (URL: https://www.qidian.com/book/1041604040/)
2026-02-03 18:06:00,359 - 起点中文网_spider - INFO - 共抓取 20 本小说
2026-02-03 18:06:00,380 - 起点中文网_spider - INFO - 从URL提取到小说ID: 1035420986 (URL: https://www.qidian.com/book/1035420986/)
2026-02-03 18:06:00,380 - 起点中文网_spider - INFO - 抓取详情元数据: https://www.qidian.com/book/1035420986/
2026-02-03 18:06:08,191 - 起点中文网_spider - INFO - 获取小说章节内容: https://www.qidian.com/book/1035420986/ (小说ID: 1035420986, 章节数: 5)
2026-02-03 18:06:08,201 - 起点中文网_spider - INFO - 数据库已有5章，直接加载
2026-02-03 18:06:08,224 - 起点中文网_spider - INFO - 正在补充详情 (1/3): 玄鉴仙族
2026-02-03 18:06:08,224 - 起点中文网_spider - INFO - 从URL提取到小说ID: 1035420986 (URL: https://www.qidian.com/book/1035420986/)
2026-02-03 18:06:11,883 - 起点中文网_spider - INFO - 正在补充详情 (2/3): 夜无疆
2026-02-03 18:06:11,883 - 起点中文网_spider - INFO - 从URL提取到小说ID: 1040765595 (URL: https://www.qidian.com/book/1040765595/)
2026-02-03 18:06:11,884 - 起点中文网_spider - INFO - 抓取详情元数据: https://www.qidian.com/book/1040765595/
2026-02-03 18:06:21,353 - 起点中文网_spider - INFO - 正在补充详情 (3/3): 捞尸人
2026-02-03 18:06:21,353 - 起点中文网_spider - INFO - 从URL提取到小说ID: 1041637443 (URL: https://www.qidian.com/book/1041637443/)
2026-02-03 18:06:21,353 - 起点中文网_spider - INFO - 抓取详情元数据: https://www.qidian.com/book/1041637443/
2026-02-03 18:06:32,892 - 起点中文网_spider - INFO - Selenium WebDriver已关闭
2026-02-03 18:22:41,232 - 起点中文网_spider - INFO - Selenium WebDriver初始化成功
2026-02-03 18:22:41,232 - 起点中文网_spider - INFO - 开始抓取起点中文网 hotsales榜...
2026-02-03 18:22:41,232 - 起点中文网_spider - INFO - 正在抓取hotsales榜 第1页
2026-02-03 18:23:01,960 - 起点中文网_spider - INFO - 找到 20 个项目
2026-02-03 18:23:01,961 - 起点中文网_spider - INFO - 从URL提取到小说ID: 1035420986 (URL: https://www.qidian.com/book/1035420986/)
2026-02-03 18:23:01,962 - 起点中文网_spider - INFO - 从URL提取到小说ID: 1040765595 (URL: https://www.qidian.com/book/1040765595/)
2026-02-03 18:23:01,963 - 起点中文网_spider - INFO - 从URL提取到小说ID: 1041637443 (URL: https://www.qidian.com/book/1041637443/)
2026-02-03 18:23:01,964 - 起点中文网_spider - INFO - 从URL提取到小说ID: 1042256511 (URL: https://www.qidian.com/book/1042256511/)
2026-02-03 18:23:01,964 - 起点中文网_spider - INFO - 从URL提取到小说ID: 1016150754 (URL: https://www.qidian.com/book/1016150754/)
2026-02-03 18:23:01,965 - 起点中文网_spider - INFO - 从URL提取到小说ID: 1043182343 (URL: https://www.qidian.com/book/1043182343/)
2026-02-03 18:23:01,966 - 起点中文网_spider - INFO - 从URL提取到小说ID: 1045003390 (URL: https://www.qidian.com/book/1045003390/)
2026-02-03 18:23:01,967 - 起点中文网_spider - INFO - 从URL提取到小说ID: 1033014772 (URL: https://www.qidian.com/book/1033014772/)
2026-02-03 18:23:01,967 - 起点中文网_spider - INFO - 从URL提取到小说ID: 1047213880 (URL: https://www.qidian.com/book/1047213880/)
2026-02-03 18:23:01,968 - 起点中文网_spider - INFO - 从URL提取到小说ID: 1043128588 (URL: https://www.qidian.com/book/1043128588/)
2026-02-03 18:23:01,969 - 起点中文网_spider - INFO - 从URL提取到小说ID: 1039141715 (URL: https://www.qidian.com/book/1039141715/)
2026-02-03 18:23:01,969 - 起点中文网_spider - INFO - 从URL提取到小说ID: 1010868264 (URL: https://www.qidian.com/book/1010868264/)
2026-02-03 18:23:01,970 - 起点中文网_spider - INFO - 从URL提取到小说ID: 1042108416 (URL: https://www.qidian.com/book/1042108416/)
2026-02-03 18:23:01,971 - 起点中文网_spider - INFO - 从URL提取到小说ID: 1046791860 (URL: https://www.qidian.com/book/1046791860/)
2026-02-03 18:23:01,972 - 起点中文网_spider - INFO - 从URL提取到小说ID: 1038504669 (URL: https://www.qidian.com/book/1038504669/)
2026-02-03 18:23:01,973 - 起点中文网_spider - INFO - 从URL提取到小说ID: 1046465651 (URL: https://www.qidian.com/book/1046465651/)
2026-02-03 18:23:01,974 - 起点中文网_spider - INFO - 从URL提取到小说ID: 1044394624 (URL: https://www.qidian.com/book/1044394624/)
2026-02-03 18:23:01,974 - 起点中文网_spider - INFO - 从URL提取到小说ID: 1012584111 (URL: https://www.qidian.com/book/1012584111/)
2026-02-03 18:23:01,975 - 起点中文网_spider - INFO - 从URL提取到小说ID: 1047259146 (URL: https://www.qidian.com/book/1047259146/)
2026-02-03 18:23:01,976 - 起点中文网_spider - INFO - 从URL提取到小说ID: 1041604040 (URL: https://www.qidian.com/book/1041604040/)
2026-02-03 18:23:06,447 - 起点中文网_spider - INFO - 共抓取 20 本小说
2026-02-03 18:23:06,470 - 起点中文网_spider - INFO - 从URL提取到小说ID: 1035420986 (URL: https://www.qidian.com/book/1035420986/)
2026-02-03 18:23:06,470 - 起点中文网_spider - INFO - 抓取详情元数据: https://www.qidian.com/book/1035420986/
2026-02-03 18:23:14,362 - 起点中文网_spider - INFO - 获取小说章节内容: https://www.qidian.com/book/1035420986/ (小说ID: 1035420986, 章节数: 5)
2026-02-03 18:23:14,363 - 起点中文网_spider - INFO - 访问目录页: https://book.qidian.com/info/1035420986/#Catalog
2026-02-03 18:23:24,650 - 起点中文网_spider - INFO - 找到 2962 个章节元素
2026-02-03 18:23:24,947 - 起点中文网_spider - INFO - 开始使用新路径提取章节链接...
2026-02-03 18:23:24,955 - 起点中文网_spider - INFO - 找到 9 个分卷
2026-02-03 18:23:24,956 - 起点中文网_spider - INFO - 分卷 2 (分卷2) 有 89 个章节
2026-02-03 18:23:24,957 - 起点中文网_spider - INFO - 已找到足够章节，停止在当前分卷搜索
2026-02-03 18:23:24,957 - 起点中文网_spider - INFO - 最终提取到 20 个唯一章节链接
2026-02-03 18:23:24,957 - 起点中文网_spider - INFO - 获取第1章: 第一章 初入
2026-02-03 18:23:24,957 - 起点中文网_spider - INFO - 访问章节页面: https://www.qidian.com/chapter/1035420986/730944635/
2026-02-03 18:23:32,655 - 起点中文网_spider - INFO - 使用简化路径找到 46 个 content-text 元素
2026-02-03 18:23:35,607 - 起点中文网_spider - INFO - 获取第2章: 第二章 李家
2026-02-03 18:23:35,607 - 起点中文网_spider - INFO - 访问章节页面: https://www.qidian.com/chapter/1035420986/731074801/
2026-02-03 18:23:41,677 - 起点中文网_spider - INFO - 使用简化路径找到 63 个 content-text 元素
2026-02-03 18:23:45,634 - 起点中文网_spider - INFO - 获取第3章: 第三章 鉴子
2026-02-03 18:23:45,635 - 起点中文网_spider - INFO - 访问章节页面: https://www.qidian.com/chapter/1035420986/731075014/
2026-02-03 18:23:51,699 - 起点中文网_spider - INFO - 使用简化路径找到 69 个 content-text 元素
2026-02-03 18:23:54,774 - 起点中文网_spider - INFO - 获取第4章: 第四章 李叶盛
2026-02-03 18:23:54,774 - 起点中文网_spider - INFO - 访问章节页面: https://www.qidian.com/chapter/1035420986/731075107/
2026-02-03 18:24:05,969 - 起点中文网_spider - INFO - 使用简化路径找到 74 个 content-text 元素
2026-02-03 18:24:08,440 - 起点中文网_spider - INFO - 获取第5章: 第五章 仙缘难得
2026-02-03 18:24:08,441 - 起点中文网_spider - INFO - 访问章节页面: https://www.qidian.com/chapter/1035420986/731075206/
2026-02-03 18:24:15,455 - 起点中文网_spider - INFO - 使用简化路径找到 65 个 content-text 元素
2026-02-03 18:24:15,455 - 起点中文网_spider - INFO - 成功获取 5 章内容
2026-02-03 18:24:15,477 - 起点中文网_spider - INFO - 正在补充详情 (1/3): 玄鉴仙族
2026-02-03 18:24:15,477 - 起点中文网_spider - INFO - 从URL提取到小说ID: 1035420986 (URL: https://www.qidian.com/book/1035420986/)
2026-02-03 18:24:18,143 - 起点中文网_spider - INFO - 正在补充详情 (2/3): 夜无疆
2026-02-03 18:24:18,143 - 起点中文网_spider - INFO - 从URL提取到小说ID: 1040765595 (URL: https://www.qidian.com/book/1040765595/)
2026-02-03 18:24:18,143 - 起点中文网_spider - INFO - 抓取详情元数据: https://www.qidian.com/book/1040765595/
2026-02-03 18:24:28,042 - 起点中文网_spider - INFO - 正在补充详情 (3/3): 捞尸人
2026-02-03 18:24:28,043 - 起点中文网_spider - INFO - 从URL提取到小说ID: 1041637443 (URL: https://www.qidian.com/book/1041637443/)
2026-02-03 18:24:28,043 - 起点中文网_spider - INFO - 抓取详情元数据: https://www.qidian.com/book/1041637443/
2026-02-03 18:24:40,010 - 起点中文网_spider - INFO - Selenium WebDriver已关闭
